<?xml version="1.0" encoding="UTF-8"?>
<testsuite xmlns:xsi="http://www.w3.org/2001/XMLSchema-instance" xsi:noNamespaceSchemaLocation="https://maven.apache.org/surefire/maven-surefire-plugin/xsd/surefire-test-report.xsd" name="org.example.AppTest" time="0.128" tests="2" errors="0" skipped="0" failures="2">
  <properties>
    <property name="sun.desktop" value="windows"/>
    <property name="awt.toolkit" value="sun.awt.windows.WToolkit"/>
    <property name="java.specification.version" value="11"/>
    <property name="sun.cpu.isalist" value="amd64"/>
    <property name="sun.jnu.encoding" value="Cp1252"/>
    <property name="java.class.path" value="C:\Users\jbenitgu\OneDrive - NTT DATA EMEAL\Escritorio\Projects\ABR24\JuegoAutos\target\test-classes;C:\Users\jbenitgu\OneDrive - NTT DATA EMEAL\Escritorio\Projects\ABR24\JuegoAutos\target\classes;C:\Users\jbenitgu\.m2\repository\junit\junit\4.11\junit-4.11.jar;C:\Users\jbenitgu\.m2\repository\org\hamcrest\hamcrest-core\1.3\hamcrest-core-1.3.jar;"/>
    <property name="java.vm.vendor" value="Oracle Corporation"/>
    <property name="sun.arch.data.model" value="64"/>
    <property name="user.variant" value=""/>
    <property name="java.vendor.url" value="https://openjdk.java.net/"/>
    <property name="user.timezone" value="America/Bogota"/>
    <property name="java.vm.specification.version" value="11"/>
    <property name="os.name" value="Windows 10"/>
    <property name="sun.java.launcher" value="SUN_STANDARD"/>
    <property name="user.country" value="PE"/>
    <property name="sun.boot.library.path" value="C:\Program Files\Java\jdk-11.0.14\bin"/>
    <property name="sun.java.command" value="C:\Users\jbenitgu\AppData\Local\Temp\surefire188624289098100656\surefirebooter17719476974998584623.jar C:\Users\jbenitgu\AppData\Local\Temp\surefire188624289098100656 2024-05-07T10-46-35_067-jvmRun1 surefire3835330951686495774tmp surefire_016312169954896273177tmp"/>
    <property name="jdk.debug" value="release"/>
    <property name="surefire.test.class.path" value="C:\Users\jbenitgu\OneDrive - NTT DATA EMEAL\Escritorio\Projects\ABR24\JuegoAutos\target\test-classes;C:\Users\jbenitgu\OneDrive - NTT DATA EMEAL\Escritorio\Projects\ABR24\JuegoAutos\target\classes;C:\Users\jbenitgu\.m2\repository\junit\junit\4.11\junit-4.11.jar;C:\Users\jbenitgu\.m2\repository\org\hamcrest\hamcrest-core\1.3\hamcrest-core-1.3.jar;"/>
    <property name="sun.cpu.endian" value="little"/>
    <property name="user.home" value="C:\Users\jbenitgu"/>
    <property name="user.language" value="es"/>
    <property name="java.specification.vendor" value="Oracle Corporation"/>
    <property name="java.version.date" value="2022-01-18"/>
    <property name="java.home" value="C:\Program Files\Java\jdk-11.0.14"/>
    <property name="file.separator" value="\"/>
    <property name="basedir" value="C:\Users\jbenitgu\OneDrive - NTT DATA EMEAL\Escritorio\Projects\ABR24\JuegoAutos"/>
    <property name="java.vm.compressedOopsMode" value="Zero based"/>
    <property name="line.separator" value="&#10;"/>
    <property name="java.specification.name" value="Java Platform API Specification"/>
    <property name="java.vm.specification.vendor" value="Oracle Corporation"/>
    <property name="java.awt.graphicsenv" value="sun.awt.Win32GraphicsEnvironment"/>
    <property name="surefire.real.class.path" value="C:\Users\jbenitgu\AppData\Local\Temp\surefire188624289098100656\surefirebooter17719476974998584623.jar"/>
    <property name="user.script" value=""/>
    <property name="sun.management.compiler" value="HotSpot 64-Bit Tiered Compilers"/>
    <property name="java.runtime.version" value="11.0.14+8-LTS-263"/>
    <property name="user.name" value="jbenitgu"/>
    <property name="path.separator" value=";"/>
    <property name="os.version" value="10.0"/>
    <property name="java.runtime.name" value="Java(TM) SE Runtime Environment"/>
    <property name="file.encoding" value="Cp1252"/>
    <property name="java.vm.name" value="Java HotSpot(TM) 64-Bit Server VM"/>
    <property name="java.vendor.version" value="18.9"/>
    <property name="localRepository" value="C:\Users\jbenitgu\.m2\repository"/>
    <property name="java.vendor.url.bug" value="https://bugreport.java.com/bugreport/"/>
    <property name="java.io.tmpdir" value="C:\Users\jbenitgu\AppData\Local\Temp\"/>
    <property name="java.version" value="11.0.14"/>
    <property name="user.dir" value="C:\Users\jbenitgu\OneDrive - NTT DATA EMEAL\Escritorio\Projects\ABR24\JuegoAutos"/>
    <property name="os.arch" value="amd64"/>
    <property name="java.vm.specification.name" value="Java Virtual Machine Specification"/>
    <property name="java.awt.printerjob" value="sun.awt.windows.WPrinterJob"/>
    <property name="sun.os.patch.level" value=""/>
    <property name="java.library.path" value="C:\Program Files\Java\jdk-11.0.14\bin;C:\WINDOWS\Sun\Java\bin;C:\WINDOWS\system32;C:\WINDOWS;C:\Program Files (x86)\Microsoft SDKs\Azure\CLI2\wbin;C:\Program Files\Snow Software\bin;C:\Program Files (x86)\Common Files\Oracle\Java\javapath;C:\WINDOWS\system32;C:\WINDOWS;C:\WINDOWS\System32\Wbem;C:\WINDOWS\System32\WindowsPowerShell\v1.0\;C:\WINDOWS\System32\OpenSSH\;C:\Program Files\Java\jdk-11.0.14\bin;C:\apache-maven-3.6.3\bin;C:\Program Files\nodejs\;C:\Users\jbenitgu\AppData\Local\Android\Sdk\\platform-tools;C:\Users\jbenitgu\AppData\Local\Android\Sdk\\platforms;C:\Users\jbenitgu\AppData\Local\Android\Sdk\\tools;C:\Program Files\Microsoft\Azure Functions Core Tools\;C:\Program Files\dotnet\;C:\Program Files (x86)\PICT\;C:\Users\jbenitgu\Downloads\instantclient-odbc-windows.x64-21.8.0.0.0dbru\instantclient_21_8;C:\Program Files\wkhtmltopdf\bin;C:\Users\jbenitgu\AppData\Local\Microsoft\WindowsApps;C:\Users\jbenitgu\AppData\Local\Programs\Git\cmd;C:\Users\jbenitgu\AppData\Roaming\npm;C:\Users\jbenitgu\AppData\Local\Programs\Microsoft VS Code\bin;C:\Program Files (x86)\PICT;C:\Users\jbenitgu\.dotnet\tools;C:\Program Files\Java\jdk-11.0.14\bin;;."/>
    <property name="java.vendor" value="Oracle Corporation"/>
    <property name="java.vm.info" value="mixed mode"/>
    <property name="java.vm.version" value="11.0.14+8-LTS-263"/>
    <property name="sun.io.unicode.encoding" value="UnicodeLittle"/>
    <property name="java.class.version" value="55.0"/>
  </properties>
  <testcase name="toyotaTest" classname="org.example.AppTest" time="0.008">
    <failure message="expected:&lt;false&gt; but was:&lt;true&gt;" type="java.lang.AssertionError"><![CDATA[java.lang.AssertionError: expected:<false> but was:<true>
	at org.example.AppTest.toyotaTest(AppTest.java:30)
]]></failure>
  </testcase>
  <testcase name="nissanTest" classname="org.example.AppTest" time="0.004">
    <failure message="expected:&lt;false&gt; but was:&lt;true&gt;" type="java.lang.AssertionError"><![CDATA[java.lang.AssertionError: expected:<false> but was:<true>
	at org.example.AppTest.nissanTest(AppTest.java:22)
]]></failure>
  </testcase>
</testsuite>